<?xml version="1.0" encoding="UTF-8" ?>
<testsuite tests="5" failures="0" name="step.definitions.TestRunner" time="35" errors="5" skipped="0">
  <properties>
[...]
</properties>
  <testcase classname="Test feature" name="Click google chrome icon" time="5.7">
    <error message="chromeicon.png: (56x34) in S(0)[0,0 2560x1080] E:Y, T:3.0" type="FindFailed">FindFailed: chromeicon.png: (56x34) in S(0)[0,0 2560x1080] E:Y, T:3.0
  Line 2782, in file Region.java

	at org.sikuli.script.Region.wait(Region.java:2782)
	at org.sikuli.script.Region.find(Region.java:2329)
	at org.sikuli.script.Region.getLocationFromTarget(Region.java:3238)
	at org.sikuli.script.Region.click(Region.java:3736)
	at step.definitions.DesktopSteps.Open_googleChrome(DesktopSteps.java:27)
	at ✽.I click on the google chrome icon(src/test/resources/features/test.feature:7)
</error>
    <system-out>Feature: Test feature
    This test will run by navigating to 
    Log in the test account
    Create a new contact

  Scenario: Click google chrome icon        &amp;#27;[90m# src/test/resources/features/test.feature:6&amp;#27;[0m
    &amp;#27;[31mGiven &amp;#27;[0m&amp;#27;[31mI click on the google chrome icon&amp;#27;[0m &amp;#27;[90m# DesktopSteps.Open_googleChrome()&amp;#27;[0m
      &amp;#27;[31mFindFailed: chromeicon.png: (56x34) in S(0)[0,0 2560x1080] E:Y, T:3.0
  Line 2782, in file Region.java

	at org.sikuli.script.Region.wait(Region.java:2782)
	at org.sikuli.script.Region.find(Region.java:2329)
	at org.sikuli.script.Region.getLocationFromTarget(Region.java:3238)
	at org.sikuli.script.Region.click(Region.java:3736)
	at step.definitions.DesktopSteps.Open_googleChrome(DesktopSteps.java:27)
	at ✽.I click on the google chrome icon(src/test/resources/features/test.feature:7)
&amp;#27;[0m
</system-out>
    <system-err>Jun 10, 2019 12:41:09 PM step.definitions.Hooks takeScreenshotIfFailed
INFO: Screenshot written for failed scenario to: target/reports/Click google chrome icon.png
</system-err>
  </testcase>
  <testcase classname="Test feature" name="Navigate to skywritersaas.com" time="11.842">
    <error message="skywriter.png: (312x130) in S(0)[0,0 2560x1080] E:Y, T:5.0" type="FindFailed">FindFailed: skywriter.png: (312x130) in S(0)[0,0 2560x1080] E:Y, T:5.0
  Line 2782, in file Region.java

	at org.sikuli.script.Region.wait(Region.java:2782)
	at step.definitions.DesktopSteps.Navigate_to_skywriter(DesktopSteps.java:34)
	at ✽.Enter skywritersaas.com into url search bar(src/test/resources/features/test.feature:10)
</error>
    <system-out>
  Scenario: Navigate to skywritersaas.com             &amp;#27;[90m# src/test/resources/features/test.feature:9&amp;#27;[0m
[log]  TYPE &quot;prod.skywritersaas.com#ENTER.&quot;
    &amp;#27;[31mGiven &amp;#27;[0m&amp;#27;[31mEnter skywritersaas.com into url search bar&amp;#27;[0m &amp;#27;[90m# DesktopSteps.Navigate_to_skywriter()&amp;#27;[0m
      &amp;#27;[31mFindFailed: skywriter.png: (312x130) in S(0)[0,0 2560x1080] E:Y, T:5.0
  Line 2782, in file Region.java

	at org.sikuli.script.Region.wait(Region.java:2782)
	at step.definitions.DesktopSteps.Navigate_to_skywriter(DesktopSteps.java:34)
	at ✽.Enter skywritersaas.com into url search bar(src/test/resources/features/test.feature:10)
&amp;#27;[0m
</system-out>
    <system-err>Jun 10, 2019 12:41:21 PM step.definitions.Hooks takeScreenshotIfFailed
INFO: Screenshot written for failed scenario to: target/reports/Navigate to skywritersaas.com.png
</system-err>
  </testcase>
  <testcase classname="Test feature" name="Login to account" time="5.565">
    <error message="username.png: (147x37) in S(0)[0,0 2560x1080] E:Y, T:5.0" type="FindFailed">FindFailed: username.png: (147x37) in S(0)[0,0 2560x1080] E:Y, T:5.0
  Line 2782, in file Region.java

	at org.sikuli.script.Region.wait(Region.java:2782)
	at org.sikuli.script.Region.find(Region.java:2329)
	at org.sikuli.script.Region.getLocationFromTarget(Region.java:3238)
	at org.sikuli.script.Region.click(Region.java:3736)
	at step.definitions.DesktopSteps.Login_account(DesktopSteps.java:41)
	at ✽.Use pre-existing credentials to login to account(src/test/resources/features/test.feature:13)
</error>
    <system-out>
  Scenario: Login to account                               &amp;#27;[90m# src/test/resources/features/test.feature:12&amp;#27;[0m
    &amp;#27;[31mGiven &amp;#27;[0m&amp;#27;[31mUse pre-existing credentials to login to account&amp;#27;[0m &amp;#27;[90m# DesktopSteps.Login_account()&amp;#27;[0m
      &amp;#27;[31mFindFailed: username.png: (147x37) in S(0)[0,0 2560x1080] E:Y, T:5.0
  Line 2782, in file Region.java

	at org.sikuli.script.Region.wait(Region.java:2782)
	at org.sikuli.script.Region.find(Region.java:2329)
	at org.sikuli.script.Region.getLocationFromTarget(Region.java:3238)
	at org.sikuli.script.Region.click(Region.java:3736)
	at step.definitions.DesktopSteps.Login_account(DesktopSteps.java:41)
	at ✽.Use pre-existing credentials to login to account(src/test/resources/features/test.feature:13)
&amp;#27;[0m
</system-out>
    <system-err>Jun 10, 2019 12:41:26 PM step.definitions.Hooks takeScreenshotIfFailed
INFO: Screenshot written for failed scenario to: target/reports/Login to account.png
</system-err>
  </testcase>
  <testcase classname="Test feature" name="Create new Contact" time="5.704">
    <error message="audienceicon.png: (46x36) in S(0)[0,0 2560x1080] E:Y, T:5.0" type="FindFailed">FindFailed: audienceicon.png: (46x36) in S(0)[0,0 2560x1080] E:Y, T:5.0
  Line 2782, in file Region.java

	at org.sikuli.script.Region.wait(Region.java:2782)
	at org.sikuli.script.Region.find(Region.java:2329)
	at org.sikuli.script.Region.getLocationFromTarget(Region.java:3238)
	at org.sikuli.script.Region.click(Region.java:3736)
	at step.definitions.DesktopSteps.Navigate_newContact(DesktopSteps.java:55)
	at ✽.New contact navigation(src/test/resources/features/test.feature:16)
</error>
    <system-out>
  Scenario: Create new Contact   &amp;#27;[90m# src/test/resources/features/test.feature:15&amp;#27;[0m
    &amp;#27;[31mGiven &amp;#27;[0m&amp;#27;[31mNew contact navigation&amp;#27;[0m &amp;#27;[90m# DesktopSteps.Navigate_newContact()&amp;#27;[0m
      &amp;#27;[31mFindFailed: audienceicon.png: (46x36) in S(0)[0,0 2560x1080] E:Y, T:5.0
  Line 2782, in file Region.java

	at org.sikuli.script.Region.wait(Region.java:2782)
	at org.sikuli.script.Region.find(Region.java:2329)
	at org.sikuli.script.Region.getLocationFromTarget(Region.java:3238)
	at org.sikuli.script.Region.click(Region.java:3736)
	at step.definitions.DesktopSteps.Navigate_newContact(DesktopSteps.java:55)
	at ✽.New contact navigation(src/test/resources/features/test.feature:16)
&amp;#27;[0m
</system-out>
    <system-err>Jun 10, 2019 12:41:32 PM step.definitions.Hooks takeScreenshotIfFailed
INFO: Screenshot written for failed scenario to: target/reports/Create new Contact.png
</system-err>
  </testcase>
  <testcase classname="Test feature" name="Input new contact data" time="6.189">
    <error message="firstname.png: (130x27) in S(0)[0,0 2560x1080] E:Y, T:5.0" type="FindFailed">FindFailed: firstname.png: (130x27) in S(0)[0,0 2560x1080] E:Y, T:5.0
  Line 2782, in file Region.java

	at org.sikuli.script.Region.wait(Region.java:2782)
	at org.sikuli.script.Region.find(Region.java:2329)
	at org.sikuli.script.Region.getLocationFromTarget(Region.java:3238)
	at org.sikuli.script.Region.click(Region.java:3736)
	at step.definitions.DesktopSteps.newContact_info(DesktopSteps.java:67)
	at ✽.New contact, input information(src/test/resources/features/test.feature:19)
</error>
    <system-out>
  Scenario: Input new contact data       &amp;#27;[90m# src/test/resources/features/test.feature:18&amp;#27;[0m
    &amp;#27;[31mGiven &amp;#27;[0m&amp;#27;[31mNew contact, input information&amp;#27;[0m &amp;#27;[90m# DesktopSteps.newContact_info()&amp;#27;[0m
      &amp;#27;[31mFindFailed: firstname.png: (130x27) in S(0)[0,0 2560x1080] E:Y, T:5.0
  Line 2782, in file Region.java

	at org.sikuli.script.Region.wait(Region.java:2782)
	at org.sikuli.script.Region.find(Region.java:2329)
	at org.sikuli.script.Region.getLocationFromTarget(Region.java:3238)
	at org.sikuli.script.Region.click(Region.java:3736)
	at step.definitions.DesktopSteps.newContact_info(DesktopSteps.java:67)
	at ✽.New contact, input information(src/test/resources/features/test.feature:19)
&amp;#27;[0m
</system-out>
    <system-err>Jun 10, 2019 12:41:38 PM step.definitions.Hooks takeScreenshotIfFailed
INFO: Screenshot written for failed scenario to: target/reports/Input new contact data.png
</system-err>
  </testcase>
</testsuite>